convert_csv_to_h5.py:67: FutureWarning: convert_objects is deprecated.  Use the data-type specific converters pd.to_datetime, pd.to_timedelta and pd.to_numeric.
  save_to_hdf5(pd.read_csv(args.i, keep_default_na=False, nrows=100,na_values=np.nan).convert_objects(convert_numeric=True), args.o)
  0%|          | 0/1 [00:00<?, ?it/s]
             drugID receptor              Filename  avg_gauss1   avg_gauss2  \
0   akt1_active_102     akt1  akt1_akt1-active-102  229.044330  2647.383630   
1   akt1_active_103     akt1  akt1_akt1-active-103  198.264940  2565.446140   
2   akt1_active_129     akt1  akt1_akt1-active-129  178.895050  2376.819660   
3   akt1_active_107     akt1  akt1_akt1-active-107  226.861220  2573.491010   
4   akt1_active_156     akt1  akt1_akt1-active-156  188.399090  2426.261670   
5   akt1_active_157     akt1  akt1_akt1-active-157  204.209930  2473.475400   
6   akt1_active_115     akt1  akt1_akt1-active-115  193.408230  2738.633840   
7   akt1_active_150     akt1  akt1_akt1-active-150  187.390470  2501.093410   
8   akt1_active_106     akt1  akt1_akt1-active-106  222.331470  2750.498620   
9   akt1_active_121     akt1  akt1_akt1-active-121  167.026360  2514.919890   
10  akt1_active_159     akt1  akt1_akt1-active-159  190.912980  2330.678370   
11  akt1_active_100     akt1  akt1_akt1-active-100  107.262895  1942.308385   
12  akt1_active_114     akt1  akt1_akt1-active-114  154.654845  2287.221570   
13  akt1_active_158     akt1  akt1_akt1-active-158  180.523020  2440.486820   
14  akt1_active_148     akt1  akt1_akt1-active-148  138.550265  2351.617070   
15  akt1_active_116     akt1  akt1_akt1-active-116  174.560610  2411.722037   
16  akt1_active_149     akt1  akt1_akt1-active-149  175.067403  2527.970953   
17  akt1_active_168     akt1  akt1_akt1-active-168  142.781300  2282.993280   
18  akt1_active_111     akt1  akt1_akt1-active-111  113.959303  1765.413435   
19  akt1_active_171     akt1  akt1_akt1-active-171  141.302850  2221.667600   
20  akt1_active_169     akt1  akt1_akt1-active-169  117.776830  2008.069335   
21  akt1_active_165     akt1  akt1_akt1-active-165  148.114833  2317.585690   
22  akt1_active_112     akt1  akt1_akt1-active-112  115.531650  1746.291412   
23  akt1_active_133     akt1  akt1_akt1-active-133  121.938670  2028.886130   
24  akt1_active_172     akt1  akt1_akt1-active-172  140.695860  2113.447740   
25   akt1_active_11     akt1   akt1_akt1-active-11  134.564206  2241.026864   
26  akt1_active_145     akt1  akt1_akt1-active-145  135.173118  2241.036234   
27  akt1_active_126     akt1  akt1_akt1-active-126  125.894446  1929.891924   
28  akt1_active_176     akt1  akt1_akt1-active-176  139.791000  2343.228150   
29   akt1_active_12     akt1   akt1_akt1-active-12  123.681030  2040.630224   
..              ...      ...                   ...         ...          ...   
70  akt1_active_138     akt1  akt1_akt1-active-138   95.723979  1673.459947   
71  akt1_active_211     akt1  akt1_akt1-active-211  178.473200  2463.821320   
72  akt1_active_212     akt1  akt1_akt1-active-212  191.638080  2339.508680   
73  akt1_active_210     akt1  akt1_akt1-active-210  190.225150  2352.142980   
74  akt1_active_137     akt1  akt1_akt1-active-137  130.296282  2076.985024   
75  akt1_active_213     akt1  akt1_akt1-active-213  193.154290  2353.912160   
76  akt1_active_152     akt1  akt1_akt1-active-152   77.043517  1511.854178   
77  akt1_active_205     akt1  akt1_akt1-active-205  160.779860  2214.804765   
78  akt1_active_179     akt1  akt1_akt1-active-179  120.812630  1955.012013   
79  akt1_active_136     akt1  akt1_akt1-active-136  124.159738  2050.221508   
80   akt1_active_17     akt1   akt1_akt1-active-17  101.104765  1776.877868   
81  akt1_active_154     akt1  akt1_akt1-active-154  115.480619  1875.445516   
82  akt1_active_201     akt1  akt1_akt1-active-201  159.118910  2329.099487   
83  akt1_active_225     akt1  akt1_akt1-active-225  133.530750  2030.923750   
84  akt1_active_110     akt1  akt1_akt1-active-110   94.139320  1636.858392   
85  akt1_active_219     akt1  akt1_akt1-active-219  140.927520  2156.184555   
86  akt1_active_218     akt1  akt1_akt1-active-218  120.876590  2095.833375   
87  akt1_active_187     akt1  akt1_akt1-active-187  112.536000  1840.251340   
88  akt1_active_147     akt1  akt1_akt1-active-147   88.671169  1555.113759   
89  akt1_active_220     akt1  akt1_akt1-active-220  132.025355  2145.232270   
90  akt1_active_151     akt1  akt1_akt1-active-151   83.898637  1540.374019   
91  akt1_active_224     akt1  akt1_akt1-active-224  122.123265  1988.705280   
92  akt1_active_216     akt1  akt1_akt1-active-216  121.633610  1942.733170   
93  akt1_active_161     akt1  akt1_akt1-active-161   86.330959  1549.098581   
94  akt1_active_181     akt1  akt1_akt1-active-181   66.752301  1477.773817   
95  akt1_active_185     akt1  akt1_akt1-active-185  116.565508  1897.568123   
96  akt1_active_198     akt1  akt1_akt1-active-198   98.233162  1733.535584   
97  akt1_active_163     akt1  akt1_akt1-active-163  113.977615  1790.298957   
98  akt1_active_124     akt1  akt1_akt1-active-124  118.339895  1813.672418   
99  akt1_active_127     akt1  akt1_akt1-active-127   98.337538  1642.367103   

    avg_repulsion  avg_hydrophobic  avg_hydrogen  Model1.gauss1  \
0      254.179490       112.884100      7.522340      229.04433   
1      169.387090        65.822630      3.995120      198.26494   
2       58.061580        67.754020      1.463190      178.89505   
3      231.602100        57.204940      7.324180      226.86122   
4       98.120360       107.508940      3.330540      188.39909   
5      128.805940       120.445340      1.181760      204.20993   
6       82.527490       100.559740      3.108150      193.40823   
7       83.844390        73.877040      4.019950      187.39047   
8      118.805880       108.887560      4.765330      222.33147   
9       63.568170        52.837860      3.731520      167.02636   
10      78.910910        93.943360      3.092810      190.91298   
11       6.930720        45.516365      0.000000       99.76794   
12      20.444250        50.931965      3.639820      160.71335   
13      92.759645        97.773775      2.447645      162.24885   
14      34.581655        80.874260      0.500000      149.68464   
15      73.753137        54.176257      1.904107      174.40126   
16      69.016817        64.582973      4.462357      176.64144   
17      13.489710        58.462675      0.699090      124.66498   
18       7.273030        52.291115      1.526030      124.83868   
19      13.734340        52.654180      0.625740      141.30285   
20       8.021175        32.681125      0.507760      101.02300   
21      18.668190        72.239377      0.428847      162.04105   
22       7.414652        40.374232      1.316952      123.45870   
23      10.738450        40.031442      1.056577      120.20839   
24      18.166540        48.816570      1.468960      140.69586   
25      14.361092        49.103388      1.574946      156.79428   
26      13.457336        54.503480      1.369094      131.35030   
27       7.401440        51.714032      1.251894      107.87009   
28      35.812300        64.823270      1.834930      139.79100   
29      10.985422        47.951106      0.952052      113.67117   
..            ...              ...           ...            ...   
70       6.599012        34.528683      1.163589       91.32076   
71      70.843850        87.177240      1.000000      178.47320   
72      78.701180        92.986660      3.992630      191.63808   
73      74.804830        92.732530      3.354700      190.22515   
74       9.028032        51.624842      0.638984      133.75027   
75      74.009080        99.609270      2.786590      193.15429   
76       2.440970        23.290952      1.091781       77.80999   
77      60.826380        79.971670      2.282615      161.53067   
78       9.140202        39.713368      2.357087      118.84612   
79      10.893846        55.985779      1.151973      130.78344   
80       6.285957        28.092043      1.317497       81.82042   
81       7.134369        34.096439      1.156609       98.15890   
82      16.736340        66.468687      1.598583      151.82620   
83       9.501270        40.670890      0.628760      133.53075   
84       3.901694        32.989483      0.762678       87.17970   
85      13.689075        45.583005      0.253100      132.44244   
86      10.938975        48.001735      0.000000      108.64719   
87      10.516887        34.600740      0.968022      138.24761   
88       4.496897        12.118642      2.023852       80.78968   
89      12.891810        41.821745      0.000000      130.94466   
90       3.699682        11.396845      1.971331       79.68439   
91       8.076780        38.691145      0.742465      134.96646   
92       8.107090        28.498583      0.738780       96.77835   
93       3.659010        22.337306      1.355735       87.77508   
94       2.796450        20.578766      0.599549       65.69627   
95      11.726550        40.407098      1.076298      134.59812   
96       6.024616        37.858982      1.392710       84.09703   
97       7.413494        39.210916      0.694508       83.77418   
98       8.833183        49.510716      0.817566      142.16115   
99       5.853477        40.205801      0.941617      110.94432   

    Model1.gauss2      ...       Psychotic-80  Psychotic-50  Hypertens-80  \
0      2647.38363      ...                0.0           0.0           0.0   
1      2565.44614      ...                0.0           0.0           0.0   
2      2376.81966      ...                NaN           NaN           NaN   
3      2573.49101      ...                0.0           0.0           0.0   
4      2426.26167      ...                0.0           0.0           0.0   
5      2473.47540      ...                0.0           0.0           0.0   
6      2738.63384      ...                0.0           0.0           0.0   
7      2501.09341      ...                0.0           0.0           0.0   
8      2750.49862      ...                0.0           0.0           0.0   
9      2514.91989      ...                0.0           0.0           0.0   
10     2330.67837      ...                0.0           0.0           0.0   
11     1883.70989      ...                0.0           0.0           0.0   
12     2276.84435      ...                0.0           0.0           0.0   
13     2518.64926      ...                0.0           0.0           0.0   
14     2330.14655      ...                0.0           0.0           0.0   
15     2372.29466      ...                0.0           0.0           0.0   
16     2543.01634      ...                0.0           0.0           0.0   
17     2210.92569      ...                0.0           0.0           0.0   
18     1804.86134      ...                0.0           0.0           1.0   
19     2221.66760      ...                0.0           0.0           0.0   
20     1977.62434      ...                0.0           0.0           0.0   
21     2344.91668      ...                0.0           0.0           0.0   
22     1802.76600      ...                1.0           0.0           1.0   
23     1988.86637      ...                0.0           0.0           0.0   
24     2113.44774      ...                0.0           0.0           0.0   
25     2266.38596      ...                0.0           0.0           0.0   
26     2204.41707      ...                0.0           0.0           0.0   
27     1907.40379      ...                0.0           0.0           1.0   
28     2343.22815      ...                0.0           0.0           0.0   
29     2036.24393      ...                0.0           0.0           0.0   
..            ...      ...                ...           ...           ...   
70     1644.60542      ...                1.0           0.0           1.0   
71     2463.82132      ...                0.0           0.0           0.0   
72     2339.50868      ...                0.0           0.0           0.0   
73     2352.14298      ...                0.0           0.0           0.0   
74     2025.88481      ...                0.0           0.0           0.0   
75     2353.91216      ...                0.0           0.0           0.0   
76     1511.05126      ...                0.0           0.0           1.0   
77     2281.68990      ...                0.0           0.0           0.0   
78     1979.77082      ...                0.0           0.0           1.0   
79     2038.98669      ...                NaN           NaN           NaN   
80     1732.76828      ...                0.0           0.0           1.0   
81     1757.77936      ...                1.0           0.0           1.0   
82     2334.87760      ...                0.0           0.0           0.0   
83     2030.92375      ...                0.0           0.0           0.0   
84     1604.50593      ...                NaN           NaN           NaN   
85     2151.75438      ...                0.0           0.0           0.0   
86     2054.77932      ...                0.0           0.0           0.0   
87     1898.91221      ...                0.0           0.0           1.0   
88     1543.72106      ...                0.0           0.0           1.0   
89     2144.43830      ...                0.0           0.0           0.0   
90     1539.98197      ...                0.0           0.0           1.0   
91     2029.27404      ...                0.0           0.0           0.0   
92     1909.91247      ...                0.0           0.0           0.0   
93     1567.10336      ...                0.0           0.0           1.0   
94     1481.28857      ...                0.0           0.0           1.0   
95     1937.92708      ...                0.0           0.0           1.0   
96     1693.13751      ...                0.0           0.0           1.0   
97     1678.24768      ...                0.0           0.0           1.0   
98     1890.77446      ...                1.0           0.0           1.0   
99     1624.22208      ...                1.0           1.0           1.0   

    Hypertens-50  Hypnotic-80  Hypnotic-50  Neoplastic-80  Neoplastic-50  \
0            0.0          0.0          0.0            0.0            0.0   
1            0.0          0.0          0.0            0.0            0.0   
2            NaN          NaN          NaN            NaN            NaN   
3            0.0          0.0          0.0            0.0            0.0   
4            0.0          0.0          0.0            0.0            0.0   
5            0.0          0.0          0.0            0.0            0.0   
6            0.0          0.0          0.0            0.0            0.0   
7            0.0          0.0          0.0            0.0            0.0   
8            0.0          0.0          0.0            0.0            0.0   
9            0.0          0.0          0.0            0.0            0.0   
10           0.0          0.0          0.0            0.0            0.0   
11           0.0          0.0          0.0            0.0            0.0   
12           0.0          0.0          0.0            0.0            0.0   
13           0.0          0.0          0.0            0.0            0.0   
14           0.0          0.0          0.0            0.0            0.0   
15           0.0          0.0          0.0            0.0            0.0   
16           0.0          0.0          0.0            0.0            0.0   
17           0.0          0.0          0.0            0.0            0.0   
18           0.0          0.0          0.0            1.0            0.0   
19           0.0          0.0          0.0            0.0            0.0   
20           0.0          0.0          0.0            0.0            0.0   
21           0.0          0.0          0.0            0.0            0.0   
22           0.0          0.0          0.0            1.0            0.0   
23           0.0          0.0          0.0            0.0            0.0   
24           0.0          0.0          0.0            0.0            0.0   
25           0.0          0.0          0.0            0.0            0.0   
26           0.0          0.0          0.0            0.0            0.0   
27           0.0          0.0          0.0            1.0            0.0   
28           0.0          0.0          0.0            0.0            0.0   
29           0.0          0.0          0.0            0.0            0.0   
..           ...          ...          ...            ...            ...   
70           1.0          0.0          0.0            1.0            0.0   
71           0.0          0.0          0.0            0.0            0.0   
72           0.0          0.0          0.0            0.0            0.0   
73           0.0          0.0          0.0            0.0            0.0   
74           0.0          0.0          0.0            0.0            0.0   
75           0.0          0.0          0.0            0.0            0.0   
76           1.0          0.0          0.0            1.0            1.0   
77           0.0          0.0          0.0            0.0            0.0   
78           0.0          0.0          0.0            1.0            0.0   
79           NaN          NaN          NaN            NaN            NaN   
80           1.0          0.0          0.0            1.0            0.0   
81           0.0          0.0          0.0            1.0            0.0   
82           0.0          0.0          0.0            0.0            0.0   
83           0.0          0.0          0.0            0.0            0.0   
84           NaN          NaN          NaN            NaN            NaN   
85           0.0          0.0          0.0            0.0            0.0   
86           0.0          0.0          0.0            0.0            0.0   
87           0.0          0.0          0.0            1.0            0.0   
88           0.0          0.0          0.0            1.0            0.0   
89           0.0          0.0          0.0            0.0            0.0   
90           0.0          0.0          0.0            1.0            1.0   
91           0.0          0.0          0.0            0.0            0.0   
92           0.0          0.0          0.0            0.0            0.0   
93           0.0          0.0          0.0            1.0            1.0   
94           1.0          1.0          0.0            1.0            1.0   
95           0.0          0.0          0.0            1.0            0.0   
96           1.0          0.0          0.0            1.0            0.0   
97           0.0          0.0          0.0            1.0            0.0   
98           0.0          0.0          0.0            1.0            0.0   
99           0.0          0.0          0.0            1.0            0.0   

    Infective-80  Infective-50  
0            0.0           0.0  
1            0.0           0.0  
2            NaN           NaN  
3            0.0           0.0  
4            0.0           0.0  
5            0.0           0.0  
6            0.0           0.0  
7            0.0           0.0  
8            0.0           0.0  
9            0.0           0.0  
10           0.0           0.0  
11           1.0           0.0  
12           0.0           0.0  
13           0.0           0.0  
14           0.0           0.0  
15           0.0           0.0  
16           0.0           0.0  
17           0.0           0.0  
18           1.0           0.0  
19           0.0           0.0  
20           0.0           0.0  
21           0.0           0.0  
22           1.0           0.0  
23           0.0           0.0  
24           0.0           0.0  
25           0.0           0.0  
26           0.0           0.0  
27           1.0           0.0  
28           0.0           0.0  
29           0.0           0.0  
..           ...           ...  
70           1.0           0.0  
71           0.0           0.0  
72           0.0           0.0  
73           0.0           0.0  
74           0.0           0.0  
75           0.0           0.0  
76           1.0           0.0  
77           0.0           0.0  
78           1.0           0.0  
79           NaN           NaN  
80           1.0           0.0  
81           1.0           0.0  
82           0.0           0.0  
83           0.0           0.0  
84           NaN           NaN  
85           0.0           0.0  
86           0.0           0.0  
87           1.0           0.0  
88           1.0           0.0  
89           0.0           0.0  
90           1.0           0.0  
91           0.0           0.0  
92           1.0           0.0  
93           1.0           0.0  
94           1.0           0.0  
95           1.0           0.0  
96           1.0           0.0  
97           1.0           0.0  
98           1.0           0.0  
99           1.0           0.0  

[100 rows x 5493 columns]
Traceback (most recent call last):
  File "convert_csv_to_h5.py", line 67, in <module>
    save_to_hdf5(pd.read_csv(args.i, keep_default_na=False, nrows=100,na_values=np.nan).convert_objects(convert_numeric=True), args.o)
  File "convert_csv_to_h5.py", line 54, in save_to_hdf5
    output_file['train/'+str(group_name)+"/"+str(feature)] = np.asarray(grp_data.iloc[train_idxs][feature],dtype=np.float16)
  File "/home/wdjo224/miniconda3/envs/protein_binding/lib/python3.6/site-packages/numpy/core/numeric.py", line 531, in asarray
    return array(a, dtype, copy=False, order=order)
ValueError: could not convert string to float: 
