  0%|          | 0/26 [00:00<?, ?it/s] 27%|██▋       | 7/26 [00:00<00:00, 65.33it/s] 54%|█████▍    | 14/26 [00:00<00:00, 63.57it/s] 69%|██████▉   | 18/26 [00:00<00:00, 48.40it/s] 85%|████████▍ | 22/26 [00:00<00:00, 39.55it/s]100%|██████████| 26/26 [00:00<00:00, 33.35it/s]
Number of features before removing nulls 11

Number of features after removing 188 nulls 11
|full_features| =  11
loading 26 proteins.

  0%|          | 0/26 [00:00<?, ?it/s] 35%|███▍      | 9/26 [00:00<00:00, 84.73it/s] 77%|███████▋  | 20/26 [00:00<00:00, 87.94it/s]100%|██████████| 26/26 [00:00<00:00, 89.73it/s]features_to_keep.shape =  (5, 1)
|full_features| =  5
loading 26 proteins.

  0%|          | 0/26 [00:00<?, ?it/s] 58%|█████▊    | 15/26 [00:00<00:00, 145.82it/s]100%|██████████| 26/26 [00:00<00:00, 147.68it/s]features_to_keep.shape =  (2, 1)
|full_features| =  2
loading 26 proteins.

  0%|          | 0/26 [00:00<?, ?it/s] 62%|██████▏   | 16/26 [00:00<00:00, 155.87it/s]100%|██████████| 26/26 [00:00<00:00, 150.61it/s]features_to_keep.shape =  (1, 1)
|full_features| =  1
loading 26 proteins.

features_to_keep.shape =  (0, 1)
Traceback (most recent call last):
  File "feature_selection.py", line 178, in <module>
    run_iterative_forest_selection(args.f, args.out, args.null, undersampled=1)
  File "feature_selection.py", line 145, in run_iterative_forest_selection
    output_directory+"step"+str(step)+".csv")
  File "/scratch/wdjo224/protein_binding/utils/input_pipeline.py", line 116, in output_feature_summary
    feature_subset = pd.read_csv(subset_feature_path, header=None)
  File "/home/wdjo224/miniconda3/envs/protein_binding/lib/python3.6/site-packages/pandas/io/parsers.py", line 655, in parser_f
    return _read(filepath_or_buffer, kwds)
  File "/home/wdjo224/miniconda3/envs/protein_binding/lib/python3.6/site-packages/pandas/io/parsers.py", line 405, in _read
    parser = TextFileReader(filepath_or_buffer, **kwds)
  File "/home/wdjo224/miniconda3/envs/protein_binding/lib/python3.6/site-packages/pandas/io/parsers.py", line 764, in __init__
    self._make_engine(self.engine)
  File "/home/wdjo224/miniconda3/envs/protein_binding/lib/python3.6/site-packages/pandas/io/parsers.py", line 985, in _make_engine
    self._engine = CParserWrapper(self.f, **self.options)
  File "/home/wdjo224/miniconda3/envs/protein_binding/lib/python3.6/site-packages/pandas/io/parsers.py", line 1605, in __init__
    self._reader = parsers.TextReader(src, **kwds)
  File "pandas/_libs/parsers.pyx", line 565, in pandas._libs.parsers.TextReader.__cinit__ (pandas/_libs/parsers.c:6260)
pandas.errors.EmptyDataError: No columns to parse from file
